<?xml version="1.0" encoding="UTF-8"?>
<!-- Generated by org.testng.reporters.JUnitXMLReporter -->
<testsuite ignored="1" hostname="EXPLPT22" failures="1" tests="2" name="Test" time="10.789" errors="0" timestamp="2023-05-24T14:30:56 IST">
  <testcase classname="com.crm.qa.testcases.DataProviderTest" name="dataprovidertest" time="1.701"/>
  <testcase classname="com.crm.qa.testcases.DataProviderTest" name="dataprovidertest" time="0.566">
    <failure type="java.lang.NullPointerException" message="Cannot invoke &amp;quot;org.openqa.selenium.WebElement.findElement(org.openqa.selenium.By)&amp;quot; because &amp;quot;prod&amp;quot; is null">
      <![CDATA[java.lang.NullPointerException: Cannot invoke "org.openqa.selenium.WebElement.findElement(org.openqa.selenium.By)" because "prod" is null
at com.crm.qa.pages.ProductCataloguePage.addProductToCart(ProductCataloguePage.java:47)
at com.crm.qa.testcases.DataProviderTest.dataprovidertest(DataProviderTest.java:33)
at java.base/java.util.ArrayList.forEach(ArrayList.java:1511)
at java.base/java.util.concurrent.FutureTask.run(FutureTask.java:264)
at java.base/java.util.concurrent.ThreadPoolExecutor.runWorker(ThreadPoolExecutor.java:1136)
at java.base/java.util.concurrent.ThreadPoolExecutor$Worker.run(ThreadPoolExecutor.java:635)
at java.base/java.lang.Thread.run(Thread.java:833)
... Removed 18 stack frames]]>
    </failure>
  </testcase> <!-- dataprovidertest -->
  <testcase classname="com.crm.qa.testcases.DataProviderTest" name="errorvalidationstest" time="0.0">
    <ignored/>
  </testcase> <!-- errorvalidationstest -->
</testsuite> <!-- Test -->
