<?xml version="1.0" encoding="UTF-8"?>
<testng-results ignored="0" total="1" passed="1" failed="0" skipped="0">
  <reporter-output>
  </reporter-output>
  <suite started-at="2023-05-23T14:40:25 IST" name="Default suite" finished-at="2023-05-23T14:40:31 IST" duration-ms="5784">
    <groups>
    </groups>
    <test started-at="2023-05-23T14:40:25 IST" name="Default test" finished-at="2023-05-23T14:40:31 IST" duration-ms="5784">
      <class name="com.crm.qa.testcases.SauceDemoTest">
        <test-method is-config="true" signature="launchApplication()[pri:0, instance:com.crm.qa.testcases.SauceDemoTest@209da20d]" started-at="2023-05-23T14:40:25 IST" name="launchApplication" finished-at="2023-05-23T14:40:29 IST" duration-ms="3746" status="PASS">
          <reporter-output>
          </reporter-output>
        </test-method> <!-- launchApplication -->
        <test-method signature="saucedemotest()[pri:0, instance:com.crm.qa.testcases.SauceDemoTest@209da20d]" started-at="2023-05-23T14:40:29 IST" name="saucedemotest" finished-at="2023-05-23T14:40:30 IST" duration-ms="1314" status="PASS">
          <reporter-output>
          </reporter-output>
        </test-method> <!-- saucedemotest -->
        <test-method is-config="true" signature="closeBrowser()[pri:0, instance:com.crm.qa.testcases.SauceDemoTest@209da20d]" started-at="2023-05-23T14:40:30 IST" name="closeBrowser" finished-at="2023-05-23T14:40:31 IST" duration-ms="677" status="PASS">
          <reporter-output>
          </reporter-output>
        </test-method> <!-- closeBrowser -->
      </class> <!-- com.crm.qa.testcases.SauceDemoTest -->
    </test> <!-- Default test -->
  </suite> <!-- Default suite -->
</testng-results>
