<?xml version="1.0" encoding="UTF-8"?>
<testng-results ignored="1" total="3" passed="1" failed="1" skipped="0">
  <reporter-output>
  </reporter-output>
  <suite started-at="2023-05-24T14:30:45 IST" name="Suite" finished-at="2023-05-24T14:30:55 IST" duration-ms="10789">
    <groups>
      <group name="Purchase">
        <method signature="DataProviderTest.dataprovidertest(java.lang.String,java.lang.String,java.lang.String,java.lang.String,java.lang.String,java.lang.String)[pri:0, instance:com.crm.qa.testcases.DataProviderTest@194bcebf]" name="dataprovidertest" class="com.crm.qa.testcases.DataProviderTest"/>
      </group> <!-- Purchase -->
    </groups>
    <test started-at="2023-05-24T14:30:45 IST" name="Test" finished-at="2023-05-24T14:30:55 IST" duration-ms="10789">
      <class name="com.crm.qa.testcases.DataProviderTest">
        <test-method is-config="true" signature="launchApplication()[pri:0, instance:com.crm.qa.testcases.DataProviderTest@194bcebf]" started-at="2023-05-24T14:30:45 IST" name="launchApplication" finished-at="2023-05-24T14:30:49 IST" duration-ms="4404" status="PASS">
          <reporter-output>
          </reporter-output>
        </test-method> <!-- launchApplication -->
        <test-method signature="dataprovidertest(java.lang.String,java.lang.String,java.lang.String,java.lang.String,java.lang.String,java.lang.String)[pri:0, instance:com.crm.qa.testcases.DataProviderTest@194bcebf]" started-at="2023-05-24T14:30:49 IST" name="dataprovidertest" data-provider="getData" finished-at="2023-05-24T14:30:51 IST" duration-ms="1701" status="PASS">
          <params>
            <param index="0">
              <value>
                <![CDATA[standard_user]]>
              </value>
            </param>
            <param index="1">
              <value>
                <![CDATA[secret_sauce]]>
              </value>
            </param>
            <param index="2">
              <value>
                <![CDATA[Sauce Labs Backpack]]>
              </value>
            </param>
            <param index="3">
              <value>
                <![CDATA[abc]]>
              </value>
            </param>
            <param index="4">
              <value>
                <![CDATA[xyz]]>
              </value>
            </param>
            <param index="5">
              <value>
                <![CDATA[123456]]>
              </value>
            </param>
          </params>
          <reporter-output>
          </reporter-output>
        </test-method> <!-- dataprovidertest -->
        <test-method is-config="true" signature="closeBrowser()[pri:0, instance:com.crm.qa.testcases.DataProviderTest@194bcebf]" started-at="2023-05-24T14:30:51 IST" name="closeBrowser" finished-at="2023-05-24T14:30:52 IST" duration-ms="706" status="PASS">
          <reporter-output>
          </reporter-output>
        </test-method> <!-- closeBrowser -->
        <test-method is-config="true" signature="launchApplication()[pri:0, instance:com.crm.qa.testcases.DataProviderTest@194bcebf]" started-at="2023-05-24T14:30:52 IST" name="launchApplication" finished-at="2023-05-24T14:30:54 IST" duration-ms="2757" status="PASS">
          <reporter-output>
          </reporter-output>
        </test-method> <!-- launchApplication -->
        <test-method signature="dataprovidertest(java.lang.String,java.lang.String,java.lang.String,java.lang.String,java.lang.String,java.lang.String)[pri:0, instance:com.crm.qa.testcases.DataProviderTest@194bcebf]" started-at="2023-05-24T14:30:54 IST" name="dataprovidertest" data-provider="getData" finished-at="2023-05-24T14:30:55 IST" duration-ms="566" status="FAIL">
          <params>
            <param index="0">
              <value>
                <![CDATA[problem_user]]>
              </value>
            </param>
            <param index="1">
              <value>
                <![CDATA[secret_sauce]]>
              </value>
            </param>
            <param index="2">
              <value>
                <![CDATA[Sauce Labs Bike Light]]>
              </value>
            </param>
            <param index="3">
              <value>
                <![CDATA[def]]>
              </value>
            </param>
            <param index="4">
              <value>
                <![CDATA[uvw]]>
              </value>
            </param>
            <param index="5">
              <value>
                <![CDATA[654321]]>
              </value>
            </param>
          </params>
          <exception class="java.lang.NullPointerException">
            <message>
              <![CDATA[Cannot invoke "org.openqa.selenium.WebElement.findElement(org.openqa.selenium.By)" because "prod" is null]]>
            </message>
            <full-stacktrace>
              <![CDATA[java.lang.NullPointerException: Cannot invoke "org.openqa.selenium.WebElement.findElement(org.openqa.selenium.By)" because "prod" is null
at com.crm.qa.pages.ProductCataloguePage.addProductToCart(ProductCataloguePage.java:47)
at com.crm.qa.testcases.DataProviderTest.dataprovidertest(DataProviderTest.java:33)
at java.base/jdk.internal.reflect.NativeMethodAccessorImpl.invoke0(Native Method)
at java.base/jdk.internal.reflect.NativeMethodAccessorImpl.invoke(NativeMethodAccessorImpl.java:77)
at java.base/jdk.internal.reflect.DelegatingMethodAccessorImpl.invoke(DelegatingMethodAccessorImpl.java:43)
at java.base/java.lang.reflect.Method.invoke(Method.java:568)
at org.testng.internal.MethodInvocationHelper.invokeMethod(MethodInvocationHelper.java:133)
at org.testng.internal.TestInvoker.invokeMethod(TestInvoker.java:598)
at org.testng.internal.TestInvoker.invokeTestMethod(TestInvoker.java:173)
at org.testng.internal.MethodRunner.runInSequence(MethodRunner.java:46)
at org.testng.internal.TestInvoker$MethodInvocationAgent.invoke(TestInvoker.java:824)
at org.testng.internal.TestInvoker.invokeTestMethods(TestInvoker.java:146)
at org.testng.internal.TestMethodWorker.invokeTestMethods(TestMethodWorker.java:146)
at org.testng.internal.TestMethodWorker.run(TestMethodWorker.java:128)
at java.base/java.util.ArrayList.forEach(ArrayList.java:1511)
at org.testng.TestRunner.privateRun(TestRunner.java:794)
at org.testng.TestRunner.run(TestRunner.java:596)
at org.testng.SuiteRunner.runTest(SuiteRunner.java:377)
at org.testng.SuiteRunner.access$000(SuiteRunner.java:28)
at org.testng.SuiteRunner$SuiteWorker.run(SuiteRunner.java:418)
at org.testng.internal.thread.ThreadUtil.lambda$execute$0(ThreadUtil.java:64)
at java.base/java.util.concurrent.FutureTask.run(FutureTask.java:264)
at java.base/java.util.concurrent.ThreadPoolExecutor.runWorker(ThreadPoolExecutor.java:1136)
at java.base/java.util.concurrent.ThreadPoolExecutor$Worker.run(ThreadPoolExecutor.java:635)
at java.base/java.lang.Thread.run(Thread.java:833)
]]>
            </full-stacktrace>
          </exception> <!-- java.lang.NullPointerException -->
          <reporter-output>
          </reporter-output>
        </test-method> <!-- dataprovidertest -->
        <test-method is-config="true" signature="closeBrowser()[pri:0, instance:com.crm.qa.testcases.DataProviderTest@194bcebf]" started-at="2023-05-24T14:30:55 IST" name="closeBrowser" finished-at="2023-05-24T14:30:55 IST" duration-ms="601" status="PASS">
          <reporter-output>
          </reporter-output>
        </test-method> <!-- closeBrowser -->
      </class> <!-- com.crm.qa.testcases.DataProviderTest -->
    </test> <!-- Test -->
  </suite> <!-- Suite -->
</testng-results>
